<?xml version="1.0" encoding="UTF-8"?>
<!-- Generated by org.testng.reporters.JUnitXMLReporter -->
<testsuite ignored="0" hostname="MazharHP" failures="1" tests="3" name="Error Validation Test" time="43.576" errors="0" timestamp="2024-10-30T23:59:03 GMT">
  <testcase classname="org.sdet.myProject.ErrorValidationTest" name="loginErrorValidation" time="1.003">
    <skipped/>
  </testcase> <!-- loginErrorValidation -->
  <testcase classname="org.sdet.myProject.ErrorValidationTest" name="loginErrorValidation" time="1.708">
    <failure type="java.lang.AssertionError" message="expected [Incorrect email or password.] but found [Incorrect email password.]">
      <![CDATA[java.lang.AssertionError: expected [Incorrect email or password.] but found [Incorrect email password.]
at org.sdet.myProject.ErrorValidationTest.loginErrorValidation(ErrorValidationTest.java:36)
at java.base/java.util.ArrayList.forEach(ArrayList.java:1596)
at java.base/java.util.concurrent.FutureTask.run(FutureTask.java:317)
at java.base/java.util.concurrent.ThreadPoolExecutor.runWorker(ThreadPoolExecutor.java:1144)
at java.base/java.util.concurrent.ThreadPoolExecutor$Worker.run(ThreadPoolExecutor.java:642)
at java.base/java.lang.Thread.run(Thread.java:1583)
... Removed 21 stack frames]]>
    </failure>
  </testcase> <!-- loginErrorValidation -->
  <testcase classname="org.sdet.myProject.ErrorValidationTest" name="productErrorValidation" time="17.157"/>
</testsuite> <!-- Error Validation Test -->
